<?xml version="1.0" encoding="UTF-8"?>
<testsuite xmlns:xsi="http://www.w3.org/2001/XMLSchema-instance" xsi:noNamespaceSchemaLocation="https://maven.apache.org/surefire/maven-surefire-plugin/xsd/surefire-test-report.xsd" name="com.example.servingwebcontent.ServingWebContentApplicationTests" time="1.479" tests="1" errors="1" skipped="0" failures="0">
  <properties>
[...]
</properties>
  <testcase name="com.example.servingwebcontent.ServingWebContentApplicationTests" classname="com.example.servingwebcontent.ServingWebContentApplicationTests" time="1.471">
    <error message="Unable to find a @SpringBootConfiguration, you need to use @ContextConfiguration or @SpringBootTest(classes=...) with your test" type="java.lang.IllegalStateException">java.lang.IllegalStateException: Unable to find a @SpringBootConfiguration, you need to use @ContextConfiguration or @SpringBootTest(classes=...) with your test
</error>
    <system-out><![CDATA[02:13:46.080 [main] DEBUG org.springframework.test.context.BootstrapUtils - Instantiating CacheAwareContextLoaderDelegate from class [org.springframework.test.context.cache.DefaultCacheAwareContextLoaderDelegate]
02:13:46.146 [main] DEBUG org.springframework.test.context.BootstrapUtils - Instantiating BootstrapContext using constructor [public org.springframework.test.context.support.DefaultBootstrapContext(java.lang.Class,org.springframework.test.context.CacheAwareContextLoaderDelegate)]
02:13:46.362 [main] DEBUG org.springframework.test.context.BootstrapUtils - Instantiating TestContextBootstrapper for test class [com.example.servingwebcontent.ServingWebContentApplicationTests] from class [org.springframework.boot.test.context.SpringBootTestContextBootstrapper]
02:13:46.436 [main] INFO org.springframework.boot.test.context.SpringBootTestContextBootstrapper - Neither @ContextConfiguration nor @ContextHierarchy found for test class [com.example.servingwebcontent.ServingWebContentApplicationTests], using SpringBootContextLoader
02:13:46.457 [main] DEBUG org.springframework.test.context.support.AbstractContextLoader - Did not detect default resource location for test class [com.example.servingwebcontent.ServingWebContentApplicationTests]: class path resource [com/example/servingwebcontent/ServingWebContentApplicationTests-context.xml] does not exist
02:13:46.459 [main] DEBUG org.springframework.test.context.support.AbstractContextLoader - Did not detect default resource location for test class [com.example.servingwebcontent.ServingWebContentApplicationTests]: class path resource [com/example/servingwebcontent/ServingWebContentApplicationTestsContext.groovy] does not exist
02:13:46.460 [main] INFO org.springframework.test.context.support.AbstractContextLoader - Could not detect default resource locations for test class [com.example.servingwebcontent.ServingWebContentApplicationTests]: no resource found for suffixes {-context.xml, Context.groovy}.
02:13:46.464 [main] INFO org.springframework.test.context.support.AnnotationConfigContextLoaderUtils - Could not detect default configuration classes for test class [com.example.servingwebcontent.ServingWebContentApplicationTests]: ServingWebContentApplicationTests does not declare any static, non-private, non-final, nested classes annotated with @Configuration.
02:13:46.718 [main] DEBUG org.springframework.test.context.support.ActiveProfilesUtils - Could not find an 'annotation declaring class' for annotation type [org.springframework.test.context.ActiveProfiles] and class [com.example.servingwebcontent.ServingWebContentApplicationTests]
]]></system-out>
  </testcase>
</testsuite>